{"total": {"lines":{"total":75,"covered":66,"skipped":0,"pct":88},"statements":{"total":77,"covered":68,"skipped":0,"pct":88.31},"functions":{"total":14,"covered":10,"skipped":0,"pct":71.42},"branches":{"total":10,"covered":9,"skipped":0,"pct":90},"branchesTrue":{"total":0,"covered":0,"skipped":0,"pct":100}}
,"/home/arvega/projects/tonirvega/action-check-runs-build-images/src/index.js": {"lines":{"total":2,"covered":2,"skipped":0,"pct":100},"functions":{"total":0,"covered":0,"skipped":0,"pct":100},"statements":{"total":2,"covered":2,"skipped":0,"pct":100},"branches":{"total":0,"covered":0,"skipped":0,"pct":100}}
,"/home/arvega/projects/tonirvega/action-check-runs-build-images/src/main.js": {"lines":{"total":11,"covered":11,"skipped":0,"pct":100},"functions":{"total":1,"covered":1,"skipped":0,"pct":100},"statements":{"total":11,"covered":11,"skipped":0,"pct":100},"branches":{"total":0,"covered":0,"skipped":0,"pct":100}}
,"/home/arvega/projects/tonirvega/action-check-runs-build-images/src/wait.js": {"lines":{"total":5,"covered":5,"skipped":0,"pct":100},"functions":{"total":3,"covered":3,"skipped":0,"pct":100},"statements":{"total":6,"covered":6,"skipped":0,"pct":100},"branches":{"total":2,"covered":2,"skipped":0,"pct":100}}
,"/home/arvega/projects/tonirvega/action-check-runs-build-images/src/application/check-run-service.js": {"lines":{"total":4,"covered":0,"skipped":0,"pct":0},"functions":{"total":4,"covered":0,"skipped":0,"pct":0},"statements":{"total":4,"covered":0,"skipped":0,"pct":0},"branches":{"total":0,"covered":0,"skipped":0,"pct":100}}
,"/home/arvega/projects/tonirvega/action-check-runs-build-images/src/domain/check-run.js": {"lines":{"total":49,"covered":44,"skipped":0,"pct":89.79},"functions":{"total":4,"covered":4,"skipped":0,"pct":100},"statements":{"total":50,"covered":45,"skipped":0,"pct":90},"branches":{"total":8,"covered":7,"skipped":0,"pct":87.5}}
,"/home/arvega/projects/tonirvega/action-check-runs-build-images/src/infrastructure/text-helper.js": {"lines":{"total":4,"covered":4,"skipped":0,"pct":100},"functions":{"total":2,"covered":2,"skipped":0,"pct":100},"statements":{"total":4,"covered":4,"skipped":0,"pct":100},"branches":{"total":0,"covered":0,"skipped":0,"pct":100}}
}
