TN:
SF:src/index.js
FNF:0
FNH:0
DA:4,1
DA:6,1
LF:2
LH:2
BRF:0
BRH:0
end_of_record
TN:
SF:src/main.js
FN:8,run
FNF:1
FNH:1
FNDA:3,run
DA:1,1
DA:2,1
DA:9,3
DA:10,3
DA:13,2
DA:16,2
DA:17,2
DA:18,1
DA:21,1
DA:24,2
DA:28,1
LF:11
LH:11
BRF:0
BRH:0
end_of_record
TN:
SF:src/wait.js
FN:7,wait
FN:8,(anonymous_1)
FN:13,(anonymous_2)
FNF:3
FNH:3
FNDA:4,wait
FNDA:4,(anonymous_1)
FNDA:2,(anonymous_2)
DA:8,4
DA:9,4
DA:10,2
DA:13,2
DA:17,2
LF:5
LH:5
BRDA:9,0,0,2
BRDA:9,0,1,2
BRF:2
BRH:2
end_of_record
TN:
SF:src/application/check-run-service.js
FN:2,(anonymous_0)
FN:6,(anonymous_1)
FN:10,(anonymous_2)
FN:14,(anonymous_3)
FNF:4
FNH:0
FNDA:0,(anonymous_0)
FNDA:0,(anonymous_1)
FNDA:0,(anonymous_2)
FNDA:0,(anonymous_3)
DA:3,0
DA:7,0
DA:11,0
DA:15,0
LF:4
LH:0
BRF:0
BRH:0
end_of_record
TN:
SF:src/domain/check-run.js
FN:10,(anonymous_0)
FN:20,(anonymous_1)
FN:31,(anonymous_2)
FN:128,(anonymous_3)
FNF:4
FNH:4
FNDA:5,(anonymous_0)
FNDA:1,(anonymous_1)
FNDA:5,(anonymous_2)
FNDA:9,(anonymous_3)
DA:11,5
DA:13,5
DA:15,5
DA:17,5
DA:21,1
DA:32,5
DA:34,4
DA:36,3
DA:38,3
DA:40,3
DA:78,3
DA:79,3
DA:81,3
DA:84,3
DA:86,6
DA:91,6
DA:92,5
DA:97,5
DA:100,5
DA:102,1
DA:108,1
DA:113,3
DA:115,0
DA:117,0
DA:127,6
DA:129,9
DA:140,7
DA:141,7
DA:143,6
DA:145,1
DA:147,1
DA:171,7
DA:173,7
DA:175,7
DA:177,7
DA:178,1
DA:180,6
DA:185,6
DA:186,0
DA:188,6
DA:193,6
DA:203,3
DA:204,3
DA:206,3
DA:208,3
DA:210,3
DA:212,0
DA:214,0
DA:219,1
LF:49
LH:44
BRDA:32,0,0,1
BRDA:32,0,1,4
BRDA:91,1,0,5
BRDA:91,1,1,1
BRDA:177,2,0,1
BRDA:177,2,1,6
BRDA:185,3,0,0
BRDA:185,3,1,6
BRF:8
BRH:7
end_of_record
TN:
SF:src/infrastructure/text-helper.js
FN:4,(anonymous_0)
FN:8,(anonymous_1)
FNF:2
FNH:2
FNDA:6,(anonymous_0)
FNDA:3,(anonymous_1)
DA:1,1
DA:5,6
DA:9,3
DA:13,1
LF:4
LH:4
BRF:0
BRH:0
end_of_record
